[20Dec2024 00:01:06.477] [Server thread/INFO] [net.minecraft.world.entity.LivingEntity/]: Named entity Skeleton['Undead Knight'/85, l='ServerLevel[world]', x=369.00, y=66.41, z=-3636.66] died: Undead Knight was slain by Dread Hound
[20Dec2024 00:01:29.925] [Server thread/INFO] [net.minecraft.server.MinecraftServer/]: Sanity15 is bleeding. Sanity15 was obliterated by a sonically-charged shriek whilst trying to escape Kazuruki
[20Dec2024 00:01:41.646] [Worker-Main-2/WARN] [net.minecraft.world.entity.ai.attributes.AttributeMap/]: Ignoring unknown attribute 'reach-entity-attributes:reach'
[20Dec2024 00:01:41.647] [Worker-Main-2/WARN] [net.minecraft.world.entity.ai.attributes.AttributeMap/]: Ignoring unknown attribute 'reach-entity-attributes:reach'
[20Dec2024 00:01:41.647] [Worker-Main-2/WARN] [net.minecraft.world.entity.ai.attributes.AttributeMap/]: Ignoring unknown attribute 'reach-entity-attributes:reach'
[20Dec2024 00:01:41.647] [Worker-Main-2/WARN] [net.minecraft.world.entity.ai.attributes.AttributeMap/]: Ignoring unknown attribute 'reach-entity-attributes:reach'
[20Dec2024 00:01:41.648] [Worker-Main-2/WARN] [net.minecraft.world.entity.ai.attributes.AttributeMap/]: Ignoring unknown attribute 'reach-entity-attributes:reach'
[20Dec2024 00:01:45.750] [Worker-Main-3/WARN] [net.minecraft.world.entity.ai.attributes.AttributeMap/]: Ignoring unknown attribute 'reach-entity-attributes:reach'
[20Dec2024 00:01:45.751] [Worker-Main-3/WARN] [net.minecraft.world.entity.ai.attributes.AttributeMap/]: Ignoring unknown attribute 'reach-entity-attributes:reach'
[20Dec2024 00:01:45.751] [Worker-Main-3/WARN] [net.minecraft.world.entity.ai.attributes.AttributeMap/]: Ignoring unknown attribute 'reach-entity-attributes:reach'
[20Dec2024 00:01:45.751] [Worker-Main-3/WARN] [net.minecraft.world.entity.ai.attributes.AttributeMap/]: Ignoring unknown attribute 'reach-entity-attributes:reach'
[20Dec2024 00:02:46.200] [Server thread/INFO] [net.minecraft.server.MinecraftServer/]: [Kazuruki: Set own game mode to Creative Mode]
[20Dec2024 00:03:00.218] [Server thread/INFO] [net.minecraft.server.MinecraftServer/]: [Sanity15: Set own game mode to Spectator Mode]
[20Dec2024 00:03:04.770] [Server thread/INFO] [net.minecraft.server.MinecraftServer/]: [Sanity15: Set own game mode to Survival Mode]
[20Dec2024 00:03:11.298] [Server thread/INFO] [net.minecraft.server.MinecraftServer/]: [Sanity15: Set own game mode to Spectator Mode]
[20Dec2024 00:04:10.849] [Server thread/INFO] [net.minecraft.server.MinecraftServer/]: [Kazuruki: Teleported Kazuruki to Sanity15]
[20Dec2024 00:04:18.093] [Server thread/INFO] [net.minecraft.server.MinecraftServer/]: [Kazuruki: Teleported Kazuruki to 352.500000, -52.500000, -3648.500000]
[20Dec2024 00:04:21.145] [Server thread/INFO] [net.minecraft.server.MinecraftServer/]: [Kazuruki: Set own game mode to Survival Mode]
[20Dec2024 00:04:35.969] [Server thread/INFO] [net.minecraft.server.MinecraftServer/]: [Sanity15: Set own game mode to Survival Mode]
[20Dec2024 00:04:46.049] [Server thread/INFO] [net.minecraft.server.MinecraftServer/]: [Kazuruki: Teleported Kazuruki to Sanity15]
[20Dec2024 00:05:12.102] [Server thread/INFO] [net.minecraft.server.MinecraftServer/]: Kazuruki has made the advancement [Hearty Meal]
[20Dec2024 00:05:12.102] [Server thread/INFO] [net.minecraft.server.MinecraftServer/]: Kazuruki has reached the goal [Fully Stuffed]
[20Dec2024 00:05:44.764] [Server thread/INFO] [net.minecraft.server.MinecraftServer/]: Chik3nBl4ck has made the advancement [The Basics]
[20Dec2024 00:05:50.967] [Server thread/INFO] [net.minecraft.server.MinecraftServer/]: [Kazuruki: Gave 1 [Supremium Chestplate] to Kazuruki]
[20Dec2024 00:05:58.377] [Server thread/INFO] [net.minecraft.server.MinecraftServer/]: [Kazuruki: Gave 1 [Slime Chestplate] to Kazuruki]
[20Dec2024 00:06:14.150] [Server thread/INFO] [net.minecraft.server.MinecraftServer/]: [Kazuruki: Gave 1 [Spiny Shell Chestplate] to Kazuruki]
[20Dec2024 00:06:16.178] [Server thread/INFO] [net.minecraft.server.MinecraftServer/]: [Kazuruki: Gave 1 [Crystallized Obsidian Chestplate] to Kazuruki]
[20Dec2024 00:07:20.825] [Server thread/INFO] [net.minecraft.server.MinecraftServer/]: [Kazuruki: Set own game mode to Creative Mode]
[20Dec2024 00:07:34.685] [Worker-Main-3/ERROR] [net.minecraft.world.entity.decoration.HangingEntity/]: Hanging entity at invalid position: BlockPos{x=-22, y=-57, z=11}
[20Dec2024 00:08:31.594] [Server thread/INFO] [net.minecraft.server.MinecraftServer/]: [Kazuruki: Set own game mode to Survival Mode]
[20Dec2024 00:09:07.490] [Server thread/INFO] [net.minecraft.world.entity.LivingEntity/]: Named entity Skeleton['Undead Knight'/93648, l='ServerLevel[world]', x=-708.07, y=62.27, z=-4729.44] died: Undead Knight was slain by Sanity15
[20Dec2024 00:09:18.744] [Server thread/INFO] [net.minecraft.server.MinecraftServer/]: [Kazuruki: Gave 1 [Wizard Helmet] to Kazuruki]
[20Dec2024 00:09:22.251] [Server thread/INFO] [net.minecraft.server.MinecraftServer/]: [Kazuruki: Gave 1 [Wizard Chestplate] to Kazuruki]
[20Dec2024 00:09:26.261] [Server thread/INFO] [net.minecraft.server.MinecraftServer/]: [Kazuruki: Gave 1 [Wizard Leggings] to Kazuruki]
[20Dec2024 00:09:28.494] [Server thread/INFO] [net.minecraft.server.MinecraftServer/]: [Kazuruki: Gave 1 [Wizard Boots] to Kazuruki]
[20Dec2024 00:09:42.885] [Server thread/INFO] [net.minecraft.server.MinecraftServer/]: [Kazuruki: Teleported Kazuruki to Chik3nBl4ck]
[20Dec2024 00:10:10.451] [Server thread/INFO] [net.minecraft.server.MinecraftServer/]: [Kazuruki: Gave 1 [Charm of Life II] to Kazuruki]
[20Dec2024 00:12:08.211] [Server thread/INFO] [net.minecraft.server.MinecraftServer/]: [Kazuruki: Teleported Kazuruki to 352.500000, -52.500000, -3648.500000]
[20Dec2024 00:14:53.603] [Server thread/INFO] [net.minecraft.server.MinecraftServer/]: [Kazuruki: Gave 1 [Plastic Drinking Hat] to Kazuruki]
